TN:
SF:src/graphql.schema.ts
FNF:0
FNH:0
DA:10,1
DA:14,1
DA:18,1
DA:24,1
DA:33,1
LF:5
LH:5
BRF:0
BRH:0
end_of_record
TN:
SF:src/books/book.read.service.ts
FN:11,(anonymous_4)
FN:19,(anonymous_5)
FN:41,(anonymous_6)
FNF:3
FNH:3
FNDA:6,(anonymous_4)
FNDA:2,(anonymous_5)
FNDA:3,(anonymous_6)
DA:1,1
DA:2,1
DA:3,1
DA:4,1
DA:5,1
DA:7,1
DA:10,1
DA:13,6
DA:14,6
DA:16,6
DA:21,2
DA:27,2
DA:28,1
DA:31,1
DA:32,0
DA:35,1
DA:43,3
DA:45,3
DA:46,1
DA:49,2
DA:51,2
DA:53,2
LF:22
LH:21
BRDA:27,0,0,1
BRDA:27,0,1,1
BRDA:31,1,0,0
BRDA:31,1,1,1
BRDA:45,2,0,1
BRDA:45,2,1,2
BRF:6
BRH:5
end_of_record
TN:
SF:src/books/book.seed.ts
FNF:0
FNH:0
DA:3,1
DA:5,1
DA:14,1
DA:26,1
DA:30,1
LF:5
LH:5
BRF:0
BRH:0
end_of_record
TN:
SF:src/models/book.model.ts
FNF:0
FNH:0
DA:1,1
DA:26,1
DA:31,1
DA:35,1
DA:39,1
DA:43,1
DA:48,1
DA:53,1
LF:8
LH:8
BRF:0
BRH:0
end_of_record
TN:
SF:src/providers/book.provider.ts
FNF:0
FNH:0
DA:1,1
DA:2,1
DA:4,1
LF:3
LH:3
BRF:0
BRH:0
end_of_record
TN:
SF:src/shared/constants/app.constant.ts
FNF:0
FNH:0
DA:1,1
DA:2,1
LF:2
LH:2
BRF:0
BRH:0
end_of_record
TN:
SF:src/shared/errors/errors.messages.ts
FN:8,(anonymous_0)
FN:19,(anonymous_1)
FNF:2
FNH:2
FNDA:1,(anonymous_0)
FNDA:1,(anonymous_1)
DA:1,1
DA:8,1
DA:9,1
DA:19,1
DA:20,1
LF:5
LH:5
BRDA:8,0,0,0
BRDA:19,1,0,0
BRF:2
BRH:0
end_of_record
